<?xml version="1.0" encoding="UTF-8"?>
<!-- Generated by org.testng.reporters.JUnitXMLReporter -->
<testsuite ignored="0" hostname="Manojs-MacBook-Pro.local" failures="0" tests="3" name="Default test" time="17.656" errors="0" timestamp="2021-06-11T15:02:35 EDT">
  <testcase classname="manoj.TestSuit.TestCases" name="HomeClick" time="0.186"/>
  <testcase classname="manoj.TestSuit.TestCases" name="first" time="2.415"/>
  <testcase classname="manoj.TestSuit.TestCases" name="LogIn" time="0.624"/>
</testsuite> <!-- Default test -->
