<?xml version="1.0" encoding="UTF-8"?>
<testng-results ignored="0" total="3" passed="3" failed="0" skipped="0">
  <reporter-output>
  </reporter-output>
  <suite started-at="2021-06-11T15:02:17 EDT" name="Default suite" finished-at="2021-06-11T15:02:34 EDT" duration-ms="17656">
    <groups>
    </groups>
    <test started-at="2021-06-11T15:02:17 EDT" name="Default test" finished-at="2021-06-11T15:02:34 EDT" duration-ms="17656">
      <class name="manoj.TestSuit.TestCases">
        <test-method is-config="true" signature="startSetup()[pri:0, instance:manoj.TestSuit.TestCases@45dd4eda]" started-at="2021-06-11T15:02:17 EDT" name="startSetup" finished-at="2021-06-11T15:02:30 EDT" duration-ms="13318" status="PASS">
          <reporter-output>
          </reporter-output>
        </test-method> <!-- startSetup -->
        <test-method signature="HomeClick()[pri:0, instance:manoj.TestSuit.TestCases@45dd4eda]" started-at="2021-06-11T15:02:30 EDT" name="HomeClick" finished-at="2021-06-11T15:02:30 EDT" duration-ms="186" status="PASS">
          <reporter-output>
          </reporter-output>
        </test-method> <!-- HomeClick -->
        <test-method signature="first()[pri:0, instance:manoj.TestSuit.TestCases@45dd4eda]" started-at="2021-06-11T15:02:30 EDT" name="first" finished-at="2021-06-11T15:02:33 EDT" duration-ms="2415" status="PASS">
          <reporter-output>
          </reporter-output>
        </test-method> <!-- first -->
        <test-method signature="LogIn()[pri:0, instance:manoj.TestSuit.TestCases@45dd4eda]" started-at="2021-06-11T15:02:33 EDT" name="LogIn" finished-at="2021-06-11T15:02:33 EDT" depends-on-methods="manoj.TestSuit.TestCases.first" duration-ms="624" status="PASS">
          <reporter-output>
          </reporter-output>
        </test-method> <!-- LogIn -->
        <test-method is-config="true" signature="tearDown()[pri:0, instance:manoj.TestSuit.TestCases@45dd4eda]" started-at="2021-06-11T15:02:33 EDT" name="tearDown" finished-at="2021-06-11T15:02:34 EDT" duration-ms="927" status="PASS">
          <reporter-output>
          </reporter-output>
        </test-method> <!-- tearDown -->
      </class> <!-- manoj.TestSuit.TestCases -->
    </test> <!-- Default test -->
  </suite> <!-- Default suite -->
</testng-results>
